

Started GET "/" for 127.0.0.1 at 2016-08-17 13:39:36 +0300

ActiveRecord::PendingMigrationError - 

Migrations are pending. To resolve this issue, run:

	bin/rake db:migrate RAILS_ENV=development

:
  activerecord (4.2.5) lib/active_record/migration.rb:392:in `check_pending!'
  activerecord (4.2.5) lib/active_record/migration.rb:373:in `call'
  actionpack (4.2.5) lib/action_dispatch/middleware/callbacks.rb:29:in `block in call'
  activesupport (4.2.5) lib/active_support/callbacks.rb:88:in `__run_callbacks__'
  activesupport (4.2.5) lib/active_support/callbacks.rb:778:in `_run_call_callbacks'
  activesupport (4.2.5) lib/active_support/callbacks.rb:81:in `run_callbacks'
  actionpack (4.2.5) lib/action_dispatch/middleware/callbacks.rb:27:in `call'
  actionpack (4.2.5) lib/action_dispatch/middleware/reloader.rb:73:in `call'
  actionpack (4.2.5) lib/action_dispatch/middleware/remote_ip.rb:78:in `call'
  better_errors (2.1.1) lib/better_errors/middleware.rb:84:in `protected_app_call'
  better_errors (2.1.1) lib/better_errors/middleware.rb:79:in `better_errors_call'
  better_errors (2.1.1) lib/better_errors/middleware.rb:57:in `call'
  actionpack (4.2.5) lib/action_dispatch/middleware/debug_exceptions.rb:17:in `call'
  web-console (2.2.1) lib/web_console/middleware.rb:39:in `call'
  actionpack (4.2.5) lib/action_dispatch/middleware/show_exceptions.rb:30:in `call'
  railties (4.2.5) lib/rails/rack/logger.rb:38:in `call_app'
  railties (4.2.5) lib/rails/rack/logger.rb:20:in `block in call'
  activesupport (4.2.5) lib/active_support/tagged_logging.rb:68:in `block in tagged'
  activesupport (4.2.5) lib/active_support/tagged_logging.rb:26:in `tagged'
  activesupport (4.2.5) lib/active_support/tagged_logging.rb:68:in `tagged'
  railties (4.2.5) lib/rails/rack/logger.rb:20:in `call'
  quiet_assets (1.1.0) lib/quiet_assets.rb:27:in `call_with_quiet_assets'
  actionpack (4.2.5) lib/action_dispatch/middleware/request_id.rb:21:in `call'
  rack (1.6.4) lib/rack/methodoverride.rb:22:in `call'
  rack (1.6.4) lib/rack/runtime.rb:18:in `call'
  activesupport (4.2.5) lib/active_support/cache/strategy/local_cache_middleware.rb:28:in `call'
  rack (1.6.4) lib/rack/lock.rb:17:in `call'
  actionpack (4.2.5) lib/action_dispatch/middleware/static.rb:116:in `call'
  rack (1.6.4) lib/rack/sendfile.rb:113:in `call'
  railties (4.2.5) lib/rails/engine.rb:518:in `call'
  railties (4.2.5) lib/rails/application.rb:165:in `call'
  rack (1.6.4) lib/rack/lock.rb:17:in `call'
  rack (1.6.4) lib/rack/content_length.rb:15:in `call'
  rack (1.6.4) lib/rack/handler/webrick.rb:88:in `service'
   () home/ror/.rvm/rubies/ruby-2.2.3/lib/ruby/2.2.0/webrick/httpserver.rb:138:in `service'
   () home/ror/.rvm/rubies/ruby-2.2.3/lib/ruby/2.2.0/webrick/httpserver.rb:94:in `run'
   () home/ror/.rvm/rubies/ruby-2.2.3/lib/ruby/2.2.0/webrick/server.rb:294:in `block in start_thread'



Started POST "/__better_errors/7a864a640e17d2bb/variables" for 127.0.0.1 at 2016-08-17 13:39:38 +0300
  [1m[36m (33.9ms)[0m  [1mCREATE TABLE "schema_migrations" ("version" varchar NOT NULL) [0m
  [1m[35m (0.1ms)[0m  select sqlite_version(*)
  [1m[36m (10.4ms)[0m  [1mCREATE UNIQUE INDEX "unique_schema_migrations" ON "schema_migrations" ("version")[0m
  [1m[35mActiveRecord::SchemaMigration Load (0.4ms)[0m  SELECT "schema_migrations".* FROM "schema_migrations"
Migrating to DeviseCreateUsers (20140224203310)
  [1m[36m (0.1ms)[0m  [1mbegin transaction[0m
DEPRECATION WARNING: `#timestamps` was called without specifying an option for `null`. In Rails 5, this behavior will change to `null: false`. You should manually specify `null: true` to prevent the behavior of your existing migrations from changing. (called from block in change at /home/ror/devise/db/migrate/20140224203310_devise_create_users.rb:34)
  [1m[35m (1.2ms)[0m  CREATE TABLE "users" ("id" INTEGER PRIMARY KEY AUTOINCREMENT NOT NULL, "email" varchar DEFAULT '' NOT NULL, "encrypted_password" varchar DEFAULT '' NOT NULL, "reset_password_token" varchar, "reset_password_sent_at" datetime, "remember_created_at" datetime, "sign_in_count" integer DEFAULT 0 NOT NULL, "current_sign_in_at" datetime, "last_sign_in_at" datetime, "current_sign_in_ip" varchar, "last_sign_in_ip" varchar, "created_at" datetime, "updated_at" datetime) 
  [1m[36m (37.3ms)[0m  [1mCREATE UNIQUE INDEX "index_users_on_email" ON "users" ("email")[0m
  [1m[35m (0.1ms)[0m              SELECT sql
            FROM sqlite_master
            WHERE name='index_users_on_email' AND type='index'
            UNION ALL
            SELECT sql
            FROM sqlite_temp_master
            WHERE name='index_users_on_email' AND type='index'

  [1m[36m (0.4ms)[0m  [1mCREATE UNIQUE INDEX "index_users_on_reset_password_token" ON "users" ("reset_password_token")[0m
  [1m[35mSQL (0.6ms)[0m  INSERT INTO "schema_migrations" ("version") VALUES (?)  [["version", "20140224203310"]]
  [1m[36m (21.3ms)[0m  [1mcommit transaction[0m
Migrating to AddNameToUsers (20140224203311)
  [1m[35m (0.1ms)[0m  begin transaction
  [1m[36m (1.0ms)[0m  [1mALTER TABLE "users" ADD "name" varchar[0m
  [1m[35mSQL (4.7ms)[0m  INSERT INTO "schema_migrations" ("version") VALUES (?)  [["version", "20140224203311"]]
  [1m[36m (23.3ms)[0m  [1mcommit transaction[0m
  [1m[35mActiveRecord::SchemaMigration Load (0.4ms)[0m  SELECT "schema_migrations".* FROM "schema_migrations"
  [1m[36m (0.4ms)[0m  [1m            SELECT sql
            FROM sqlite_master
            WHERE name='index_users_on_reset_password_token' AND type='index'
            UNION ALL
            SELECT sql
            FROM sqlite_temp_master
            WHERE name='index_users_on_reset_password_token' AND type='index'
[0m
  [1m[35m (0.4ms)[0m              SELECT sql
            FROM sqlite_master
            WHERE name='index_users_on_email' AND type='index'
            UNION ALL
            SELECT sql
            FROM sqlite_temp_master
            WHERE name='index_users_on_email' AND type='index'



Started GET "/" for 127.0.0.1 at 2016-08-17 13:40:52 +0300
  [1m[36mActiveRecord::SchemaMigration Load (0.6ms)[0m  [1mSELECT "schema_migrations".* FROM "schema_migrations"[0m
Processing by VisitorsController#index as HTML
  [1m[35m (1.2ms)[0m  SELECT COUNT(*) FROM "users"
  Rendered visitors/index.html.erb within layouts/application (36.5ms)
  Rendered layouts/_navigation_links.html.erb (11.3ms)
  Rendered layouts/_nav_links_for_auth.html.erb (18.9ms)
  Rendered layouts/_navigation.html.erb (45.5ms)
  Rendered layouts/_messages.html.erb (1.1ms)
Completed 200 OK in 24267ms (Views: 24186.0ms | ActiveRecord: 1.8ms)


Started GET "/users/sign_in" for 127.0.0.1 at 2016-08-17 13:47:06 +0300
Processing by Devise::SessionsController#new as HTML
  Rendered devise/sessions/new.html.erb within layouts/application (2163.9ms)
  Rendered layouts/_navigation_links.html.erb (0.3ms)
  Rendered layouts/_nav_links_for_auth.html.erb (0.6ms)
  Rendered layouts/_navigation.html.erb (29.8ms)
  Rendered layouts/_messages.html.erb (0.1ms)
Completed 200 OK in 3148ms (Views: 3049.7ms | ActiveRecord: 15.0ms)


Started GET "/" for 127.0.0.1 at 2016-08-17 13:47:15 +0300
Processing by VisitorsController#index as HTML
  [1m[36m (0.8ms)[0m  [1mSELECT COUNT(*) FROM "users"[0m
  Rendered visitors/index.html.erb within layouts/application (10.3ms)
  Rendered layouts/_navigation_links.html.erb (0.8ms)
  Rendered layouts/_nav_links_for_auth.html.erb (1.2ms)
  Rendered layouts/_navigation.html.erb (36.6ms)
  Rendered layouts/_messages.html.erb (8.1ms)
Completed 200 OK in 1693ms (Views: 1686.6ms | ActiveRecord: 0.8ms)


Started GET "/users/sign_up" for 127.0.0.1 at 2016-08-17 13:47:23 +0300
Processing by Devise::RegistrationsController#new as HTML
  Rendered devise/registrations/new.html.erb within layouts/application (41.7ms)
  Rendered layouts/_navigation_links.html.erb (0.2ms)
  Rendered layouts/_nav_links_for_auth.html.erb (0.5ms)
  Rendered layouts/_navigation.html.erb (16.1ms)
  Rendered layouts/_messages.html.erb (0.1ms)
Completed 200 OK in 984ms (Views: 982.1ms | ActiveRecord: 0.0ms)


Started POST "/users" for 127.0.0.1 at 2016-08-17 13:48:40 +0300
Processing by Devise::RegistrationsController#create as HTML
  Parameters: {"utf8"=>"✓", "authenticity_token"=>"2gDbLl67PswvH5JXFSvFmJerI3XdC63C2L2/Pr6yvBAE/84KAlMGCpS0Eciu3ChNbJldPtkedAdNCC76NTWMvA==", "user"=>{"name"=>"Mihail", "email"=>"sserp13@mail.ru", "password"=>"[FILTERED]", "password_confirmation"=>"[FILTERED]"}, "commit"=>"Sign up"}
  [1m[35m (13.3ms)[0m  begin transaction
  [1m[36mUser Exists (11.6ms)[0m  [1mSELECT  1 AS one FROM "users" WHERE "users"."email" = 'sserp13@mail.ru' LIMIT 1[0m
  [1m[35m (0.1ms)[0m  rollback transaction
  Rendered devise/registrations/new.html.erb within layouts/application (7.1ms)
  Rendered layouts/_navigation_links.html.erb (0.2ms)
  Rendered layouts/_nav_links_for_auth.html.erb (0.6ms)
  Rendered layouts/_navigation.html.erb (14.9ms)
  Rendered layouts/_messages.html.erb (0.1ms)
Completed 200 OK in 1554ms (Views: 276.2ms | ActiveRecord: 25.1ms)


Started POST "/users" for 127.0.0.1 at 2016-08-17 13:49:15 +0300
Processing by Devise::RegistrationsController#create as HTML
  Parameters: {"utf8"=>"✓", "authenticity_token"=>"4in6OMNQ+tCSPNUmzFk7qjLN2q8XH1Hqp7PgIBsjb2U81u8cn7jCFimXVrl3rtZ/yf+k5BMKiC8yBnHkkKRfyQ==", "user"=>{"name"=>"Mihail", "email"=>"sserp13@mail.ru", "password"=>"[FILTERED]", "password_confirmation"=>"[FILTERED]"}, "commit"=>"Sign up"}
  [1m[36m (0.6ms)[0m  [1mbegin transaction[0m
  [1m[35mUser Exists (13.3ms)[0m  SELECT  1 AS one FROM "users" WHERE "users"."email" = 'sserp13@mail.ru' LIMIT 1
  [1m[36mSQL (85.0ms)[0m  [1mINSERT INTO "users" ("email", "encrypted_password", "name", "created_at", "updated_at") VALUES (?, ?, ?, ?, ?)[0m  [["email", "sserp13@mail.ru"], ["encrypted_password", "$2a$10$cFd4f8iz5.sqg0tpCwf66.ziDDwi5Ui9b5zal7NZjkUdqw4gig.EO"], ["name", "Mihail"], ["created_at", "2016-08-17 10:49:15.908331"], ["updated_at", "2016-08-17 10:49:15.908331"]]
  [1m[35m (25.7ms)[0m  commit transaction
  [1m[36m (0.1ms)[0m  [1mbegin transaction[0m
  [1m[35mSQL (12.3ms)[0m  UPDATE "users" SET "last_sign_in_at" = ?, "current_sign_in_at" = ?, "last_sign_in_ip" = ?, "current_sign_in_ip" = ?, "sign_in_count" = ?, "updated_at" = ? WHERE "users"."id" = ?  [["last_sign_in_at", "2016-08-17 10:49:16.049629"], ["current_sign_in_at", "2016-08-17 10:49:16.049629"], ["last_sign_in_ip", "127.0.0.1"], ["current_sign_in_ip", "127.0.0.1"], ["sign_in_count", 1], ["updated_at", "2016-08-17 10:49:16.053277"], ["id", 1]]
  [1m[36m (16.2ms)[0m  [1mcommit transaction[0m
Redirected to http://localhost:3000/
Completed 302 Found in 660ms (ActiveRecord: 153.1ms)


Started GET "/" for 127.0.0.1 at 2016-08-17 13:49:17 +0300
Processing by VisitorsController#index as HTML
  [1m[35m (14.1ms)[0m  SELECT COUNT(*) FROM "users"
  Rendered visitors/index.html.erb within layouts/application (23.9ms)
  Rendered layouts/_navigation_links.html.erb (0.2ms)
  [1m[36mUser Load (6.5ms)[0m  [1mSELECT  "users".* FROM "users" WHERE "users"."id" = ?  ORDER BY "users"."id" ASC LIMIT 1[0m  [["id", 1]]
  Rendered layouts/_nav_links_for_auth.html.erb (8.3ms)
  Rendered layouts/_navigation.html.erb (25.6ms)
  Rendered layouts/_messages.html.erb (0.2ms)
Completed 200 OK in 839ms (Views: 810.5ms | ActiveRecord: 20.5ms)


Started GET "/users/edit" for 127.0.0.1 at 2016-08-17 13:49:37 +0300
Processing by Devise::RegistrationsController#edit as HTML
  [1m[35mUser Load (6.9ms)[0m  SELECT  "users".* FROM "users" WHERE "users"."id" = ?  ORDER BY "users"."id" ASC LIMIT 1  [["id", 1]]
  Rendered devise/registrations/edit.html.erb within layouts/application (55.2ms)
  Rendered layouts/_navigation_links.html.erb (0.3ms)
  Rendered layouts/_nav_links_for_auth.html.erb (0.3ms)
  Rendered layouts/_navigation.html.erb (23.8ms)
  Rendered layouts/_messages.html.erb (0.1ms)
Completed 200 OK in 745ms (Views: 735.1ms | ActiveRecord: 6.9ms)


Started GET "/users" for 127.0.0.1 at 2016-08-17 13:49:49 +0300
Processing by UsersController#index as HTML
  [1m[36mUser Load (0.5ms)[0m  [1mSELECT  "users".* FROM "users" WHERE "users"."id" = ?  ORDER BY "users"."id" ASC LIMIT 1[0m  [["id", 1]]
  [1m[35mUser Load (0.6ms)[0m  SELECT "users".* FROM "users"
  Rendered users/_user.html.erb (1.0ms)
  Rendered users/index.html.erb within layouts/application (25.2ms)
  Rendered layouts/_navigation_links.html.erb (0.2ms)
  Rendered layouts/_nav_links_for_auth.html.erb (0.4ms)
  Rendered layouts/_navigation.html.erb (13.3ms)
  Rendered layouts/_messages.html.erb (0.1ms)
Completed 200 OK in 753ms (Views: 746.3ms | ActiveRecord: 1.1ms)


Started GET "/users" for 127.0.0.1 at 2016-08-17 14:52:25 +0300
Processing by UsersController#index as HTML
  [1m[36mUser Load (105.4ms)[0m  [1mSELECT  "users".* FROM "users" WHERE "users"."id" = ?  ORDER BY "users"."id" ASC LIMIT 1[0m  [["id", 1]]
  [1m[35mUser Load (11.1ms)[0m  SELECT "users".* FROM "users"
  Rendered users/_user.html.erb (101.4ms)
  Rendered users/index.html.erb within layouts/application (828.4ms)
  Rendered layouts/_navigation_links.html.erb (0.2ms)
  Rendered layouts/_nav_links_for_auth.html.erb (72.1ms)
  Rendered layouts/_navigation.html.erb (85.0ms)
  Rendered layouts/_messages.html.erb (0.1ms)
Completed 200 OK in 15108ms (Views: 14336.5ms | ActiveRecord: 116.5ms)


Started GET "/" for 127.0.0.1 at 2016-08-17 14:53:14 +0300
Processing by VisitorsController#index as HTML
  [1m[36m (0.7ms)[0m  [1mSELECT COUNT(*) FROM "users"[0m
  Rendered visitors/index.html.erb within layouts/application (5.7ms)
  Rendered layouts/_navigation_links.html.erb (0.2ms)
  [1m[35mUser Load (0.5ms)[0m  SELECT  "users".* FROM "users" WHERE "users"."id" = ?  ORDER BY "users"."id" ASC LIMIT 1  [["id", 1]]
  Rendered layouts/_nav_links_for_auth.html.erb (31.8ms)
  Rendered layouts/_navigation.html.erb (51.3ms)
  Rendered layouts/_messages.html.erb (0.1ms)
Completed 200 OK in 3271ms (Views: 3268.1ms | ActiveRecord: 1.2ms)


Started DELETE "/users/sign_out" for 127.0.0.1 at 2016-08-17 14:54:21 +0300
Processing by Devise::SessionsController#destroy as HTML
  Parameters: {"authenticity_token"=>"F1sKlOKD/Xc8i6TQ4klNCq+WXpVGXnZtWIJ/yWhKMpzJpB+wvmvFsYcgJ09ZvqDfVKQg3kJLr6jNN+4N480CMA=="}
  [1m[36mUser Load (2.3ms)[0m  [1mSELECT  "users".* FROM "users" WHERE "users"."id" = ?  ORDER BY "users"."id" ASC LIMIT 1[0m  [["id", 1]]
  [1m[35m (0.4ms)[0m  begin transaction
  [1m[36m (3.0ms)[0m  [1mcommit transaction[0m
Redirected to http://localhost:3000/
Completed 302 Found in 194ms (ActiveRecord: 5.7ms)


Started GET "/" for 127.0.0.1 at 2016-08-17 14:54:22 +0300
Processing by VisitorsController#index as HTML
  [1m[35m (0.6ms)[0m  SELECT COUNT(*) FROM "users"
  Rendered visitors/index.html.erb within layouts/application (15.1ms)
  Rendered layouts/_navigation_links.html.erb (0.2ms)
  Rendered layouts/_nav_links_for_auth.html.erb (0.6ms)
  Rendered layouts/_navigation.html.erb (9.6ms)
  Rendered layouts/_messages.html.erb (0.2ms)
Completed 200 OK in 1792ms (Views: 1791.0ms | ActiveRecord: 0.6ms)


Started GET "/users/sign_up" for 127.0.0.1 at 2016-08-17 14:55:16 +0300
Processing by Devise::RegistrationsController#new as HTML
  Rendered devise/registrations/new.html.erb within layouts/application (126.8ms)
  Rendered layouts/_navigation_links.html.erb (0.2ms)
  Rendered layouts/_nav_links_for_auth.html.erb (0.3ms)
  Rendered layouts/_navigation.html.erb (8.0ms)
  Rendered layouts/_messages.html.erb (0.1ms)
Completed 200 OK in 1455ms (Views: 1440.7ms | ActiveRecord: 0.0ms)


Started GET "/users/sign_in" for 127.0.0.1 at 2016-08-17 14:55:21 +0300
Processing by Devise::SessionsController#new as HTML
  Rendered devise/sessions/new.html.erb within layouts/application (41.1ms)
  Rendered layouts/_navigation_links.html.erb (0.2ms)
  Rendered layouts/_nav_links_for_auth.html.erb (4.8ms)
  Rendered layouts/_navigation.html.erb (19.9ms)
  Rendered layouts/_messages.html.erb (0.1ms)
Completed 200 OK in 974ms (Views: 971.9ms | ActiveRecord: 0.0ms)


Started POST "/users/sign_in" for 127.0.0.1 at 2016-08-17 14:55:57 +0300
Processing by Devise::SessionsController#create as HTML
  Parameters: {"utf8"=>"✓", "authenticity_token"=>"wgV7BgihsQyq66T5IG2bl0dGO5grWRLMecq+mrdLyi1NP7WgVh0YtbYvJaN14J8boe6EdblyyaP+euqoogE//w==", "user"=>{"email"=>"sserp13@mail.ru", "password"=>"[FILTERED]", "remember_me"=>"0"}, "commit"=>"Sign in"}
  [1m[36mUser Load (0.8ms)[0m  [1mSELECT  "users".* FROM "users" WHERE "users"."email" = ?  ORDER BY "users"."id" ASC LIMIT 1[0m  [["email", "sserp13@mail.ru"]]
Completed 401 Unauthorized in 321ms (ActiveRecord: 0.8ms)
Processing by Devise::SessionsController#new as HTML
  Parameters: {"utf8"=>"✓", "authenticity_token"=>"wgV7BgihsQyq66T5IG2bl0dGO5grWRLMecq+mrdLyi1NP7WgVh0YtbYvJaN14J8boe6EdblyyaP+euqoogE//w==", "user"=>{"email"=>"sserp13@mail.ru", "password"=>"[FILTERED]", "remember_me"=>"0"}, "commit"=>"Sign in"}
  Rendered devise/sessions/new.html.erb within layouts/application (16.2ms)
  Rendered layouts/_navigation_links.html.erb (0.2ms)
  Rendered layouts/_nav_links_for_auth.html.erb (0.2ms)
  Rendered layouts/_navigation.html.erb (10.7ms)
  Rendered layouts/_messages.html.erb (0.1ms)
Completed 200 OK in 1009ms (Views: 765.1ms | ActiveRecord: 0.0ms)


Started POST "/users/sign_in" for 127.0.0.1 at 2016-08-17 14:57:16 +0300
  [1m[36mActiveRecord::SchemaMigration Load (0.7ms)[0m  [1mSELECT "schema_migrations".* FROM "schema_migrations"[0m
Processing by Devise::SessionsController#create as HTML
  Parameters: {"utf8"=>"✓", "authenticity_token"=>"NYcCTh5lu1c1t4Yrnhthq3X1w5JuqRQeWWaesy8X4pS6vczoQNkS7ilzB3HLlmUnk118f/yCz3He1sqBOl0XRg==", "user"=>{"email"=>"sserp13@mail.ru", "password"=>"[FILTERED]", "remember_me"=>"0"}, "commit"=>"Sign in"}
  [1m[35mUser Load (0.9ms)[0m  SELECT  "users".* FROM "users" WHERE "users"."email" = ?  ORDER BY "users"."id" ASC LIMIT 1  [["email", "sserp13@mail.ru"]]
Completed 401 Unauthorized in 611ms (ActiveRecord: 11.4ms)
Processing by Devise::SessionsController#new as HTML
  Parameters: {"utf8"=>"✓", "authenticity_token"=>"NYcCTh5lu1c1t4Yrnhthq3X1w5JuqRQeWWaesy8X4pS6vczoQNkS7ilzB3HLlmUnk118f/yCz3He1sqBOl0XRg==", "user"=>{"email"=>"sserp13@mail.ru", "password"=>"[FILTERED]", "remember_me"=>"0"}, "commit"=>"Sign in"}
  Rendered devise/sessions/new.html.erb within layouts/application (237.7ms)
  Rendered layouts/_navigation_links.html.erb (0.8ms)
  Rendered layouts/_nav_links_for_auth.html.erb (1.0ms)
  Rendered layouts/_navigation.html.erb (37.1ms)
  Rendered layouts/_messages.html.erb (0.7ms)
Completed 200 OK in 2727ms (Views: 2429.5ms | ActiveRecord: 0.0ms)
  [1m[36mActiveRecord::SchemaMigration Load (4.2ms)[0m  [1mSELECT "schema_migrations".* FROM "schema_migrations"[0m
  [1m[35mUser Load (0.8ms)[0m  SELECT  "users".* FROM "users" WHERE "users"."email" = ? LIMIT 1  [["email", "sserp13@mail.ru"]]


Started POST "/users/sign_in" for 127.0.0.1 at 2016-08-17 15:02:29 +0300
  [1m[36mActiveRecord::SchemaMigration Load (13.3ms)[0m  [1mSELECT "schema_migrations".* FROM "schema_migrations"[0m
Processing by Devise::SessionsController#create as HTML
  Parameters: {"utf8"=>"✓", "authenticity_token"=>"k/bpQPKjGozon4QVE64ACbwU5lG7EvweAsnJdXEEZ0oczCfmrB+zNfRbBU9GIwSFWrxZvCk5J3GFeZ1HZE6SmA==", "user"=>{"email"=>"sserp13@mail.ru", "password"=>"[FILTERED]", "remember_me"=>"0"}, "commit"=>"Sign in"}
  [1m[35mUser Load (5.2ms)[0m  SELECT  "users".* FROM "users" WHERE "users"."email" = ?  ORDER BY "users"."id" ASC LIMIT 1  [["email", "sserp13@mail.ru"]]
Completed 401 Unauthorized in 868ms (ActiveRecord: 11.9ms)
Processing by Devise::SessionsController#new as HTML
  Parameters: {"utf8"=>"✓", "authenticity_token"=>"k/bpQPKjGozon4QVE64ACbwU5lG7EvweAsnJdXEEZ0oczCfmrB+zNfRbBU9GIwSFWrxZvCk5J3GFeZ1HZE6SmA==", "user"=>{"email"=>"sserp13@mail.ru", "password"=>"[FILTERED]", "remember_me"=>"0"}, "commit"=>"Sign in"}
  Rendered devise/sessions/new.html.erb within layouts/application (184.6ms)
  Rendered layouts/_navigation_links.html.erb (1.1ms)
  Rendered layouts/_nav_links_for_auth.html.erb (0.9ms)
  Rendered layouts/_navigation.html.erb (15.6ms)
  Rendered layouts/_messages.html.erb (0.8ms)
Completed 200 OK in 2474ms (Views: 2200.5ms | ActiveRecord: 0.0ms)


Started GET "/users/password/new" for 127.0.0.1 at 2016-08-17 15:04:01 +0300
Processing by Devise::PasswordsController#new as HTML
  Rendered devise/passwords/new.html.erb within layouts/application (16.4ms)
  Rendered layouts/_navigation_links.html.erb (0.5ms)
  Rendered layouts/_nav_links_for_auth.html.erb (0.5ms)
  Rendered layouts/_navigation.html.erb (21.0ms)
  Rendered layouts/_messages.html.erb (0.1ms)
Completed 200 OK in 841ms (Views: 839.7ms | ActiveRecord: 0.0ms)


Started POST "/users/password" for 127.0.0.1 at 2016-08-17 15:04:18 +0300
Processing by Devise::PasswordsController#create as HTML
  Parameters: {"utf8"=>"✓", "authenticity_token"=>"vM8eI3IMYL5Gu9oxTTx7a0gof+l7rWfDPz6OaSqTm4Mz9dCFLLDJB1p/W2sYsX/nroDABOmGvKy4jtpbP9luUQ==", "user"=>{"email"=>"sserp13@mail.ru"}, "commit"=>"Reset Password"}
  [1m[36mUser Load (0.6ms)[0m  [1mSELECT  "users".* FROM "users" WHERE "users"."email" = ?  ORDER BY "users"."id" ASC LIMIT 1[0m  [["email", "sserp13@mail.ru"]]
  [1m[35mUser Load (9.6ms)[0m  SELECT  "users".* FROM "users" WHERE "users"."reset_password_token" = ?  ORDER BY "users"."id" ASC LIMIT 1  [["reset_password_token", "af587b69ddf0a6d4c1e1f39e181c0dafd926006867e0449ba66c8b7178ef1ad0"]]
  [1m[36m (0.2ms)[0m  [1mbegin transaction[0m
  [1m[35mSQL (10.3ms)[0m  UPDATE "users" SET "reset_password_token" = ?, "reset_password_sent_at" = ?, "updated_at" = ? WHERE "users"."id" = ?  [["reset_password_token", "af587b69ddf0a6d4c1e1f39e181c0dafd926006867e0449ba66c8b7178ef1ad0"], ["reset_password_sent_at", "2016-08-17 12:04:19.331981"], ["updated_at", "2016-08-17 12:04:19.335423"], ["id", 1]]
  [1m[36m (21.8ms)[0m  [1mcommit transaction[0m
  Rendered /home/ror/.rvm/gems/ruby-2.2.3/gems/devise-3.5.2/app/views/devise/mailer/reset_password_instructions.html.erb (13.1ms)

Devise::Mailer#reset_password_instructions: processed outbound mail in 1055.5ms

Sent mail to sserp13@mail.ru (1832.8ms)
Date: Wed, 17 Aug 2016 15:04:20 +0300
From: no-reply@mail.ru
Reply-To: no-reply@mail.ru
To: sserp13@mail.ru
Message-ID: <57b452c4914d0_7eec55695508986d@ror-VirtualBox.mail>
Subject: Reset password instructions
Mime-Version: 1.0
Content-Type: text/html;
 charset=UTF-8
Content-Transfer-Encoding: 7bit

<p>Hello sserp13@mail.ru!</p>

<p>Someone has requested a link to change your password. You can do this through the link below.</p>

<p><a href="http://localhost:3000/users/password/edit?reset_password_token=pi_t3rAhJxnEFzWvgvre">Change my password</a></p>

<p>If you didn't request this, please ignore this email.</p>
<p>Your password won't change until you access the link above and create a new one.</p>

Completed 500 Internal Server Error in 3897ms (ActiveRecord: 42.4ms)

Net::SMTPUnknownError - could not get 3xx (503: 503 Administrative prohibition -- authorization required.  Users in your domain are not allowed to send email without authorization.  See http://help.mail.ru/mail-help/mailer/popsmtp for details.
):
   () home/ror/.rvm/rubies/ruby-2.2.3/lib/ruby/2.2.0/net/smtp.rb:970:in `check_continue'
   () home/ror/.rvm/rubies/ruby-2.2.3/lib/ruby/2.2.0/net/smtp.rb:903:in `block in data'
   () home/ror/.rvm/rubies/ruby-2.2.3/lib/ruby/2.2.0/net/smtp.rb:955:in `critical'
   () home/ror/.rvm/rubies/ruby-2.2.3/lib/ruby/2.2.0/net/smtp.rb:902:in `data'
   () home/ror/.rvm/rubies/ruby-2.2.3/lib/ruby/2.2.0/net/smtp.rb:663:in `block in send_message'
   () home/ror/.rvm/rubies/ruby-2.2.3/lib/ruby/2.2.0/net/smtp.rb:858:in `rcptto_list'
   () home/ror/.rvm/rubies/ruby-2.2.3/lib/ruby/2.2.0/net/smtp.rb:663:in `send_message'
  mail (2.6.3) lib/mail/network/delivery_methods/smtp.rb:113:in `block in deliver!'
   () home/ror/.rvm/rubies/ruby-2.2.3/lib/ruby/2.2.0/net/smtp.rb:521:in `start'
  mail (2.6.3) lib/mail/network/delivery_methods/smtp.rb:112:in `deliver!'
  mail (2.6.3) lib/mail/message.rb:2141:in `do_delivery'
  mail (2.6.3) lib/mail/message.rb:236:in `block in deliver'
  actionmailer (4.2.5) lib/action_mailer/base.rb:543:in `block in deliver_mail'
  activesupport (4.2.5) lib/active_support/notifications.rb:164:in `block in instrument'
  activesupport (4.2.5) lib/active_support/notifications/instrumenter.rb:20:in `instrument'
  activesupport (4.2.5) lib/active_support/notifications.rb:164:in `instrument'
  actionmailer (4.2.5) lib/action_mailer/base.rb:541:in `deliver_mail'
  mail (2.6.3) lib/mail/message.rb:236:in `deliver'
  actionmailer (4.2.5) lib/action_mailer/message_delivery.rb:85:in `deliver_now'
  devise (3.5.2) lib/devise/models/authenticatable.rb:170:in `send_devise_notification'
  devise (3.5.2) lib/devise/models/recoverable.rb:111:in `send_reset_password_instructions_notification'
  devise (3.5.2) lib/devise/models/recoverable.rb:64:in `send_reset_password_instructions'
  devise (3.5.2) lib/devise/models/recoverable.rb:128:in `send_reset_password_instructions'
  devise (3.5.2) app/controllers/devise/passwords_controller.rb:13:in `create'
  actionpack (4.2.5) lib/action_controller/metal/implicit_render.rb:4:in `send_action'
  actionpack (4.2.5) lib/abstract_controller/base.rb:198:in `process_action'
  actionpack (4.2.5) lib/action_controller/metal/rendering.rb:10:in `process_action'
  actionpack (4.2.5) lib/abstract_controller/callbacks.rb:20:in `block in process_action'
  activesupport (4.2.5) lib/active_support/callbacks.rb:117:in `call'
  activesupport (4.2.5) lib/active_support/callbacks.rb:555:in `block (2 levels) in compile'
  activesupport (4.2.5) lib/active_support/callbacks.rb:505:in `call'
  activesupport (4.2.5) lib/active_support/callbacks.rb:92:in `__run_callbacks__'
  activesupport (4.2.5) lib/active_support/callbacks.rb:778:in `_run_process_action_callbacks'
  activesupport (4.2.5) lib/active_support/callbacks.rb:81:in `run_callbacks'
  actionpack (4.2.5) lib/abstract_controller/callbacks.rb:19:in `process_action'
  actionpack (4.2.5) lib/action_controller/metal/rescue.rb:29:in `process_action'
  actionpack (4.2.5) lib/action_controller/metal/instrumentation.rb:32:in `block in process_action'
  activesupport (4.2.5) lib/active_support/notifications.rb:164:in `block in instrument'
  activesupport (4.2.5) lib/active_support/notifications/instrumenter.rb:20:in `instrument'
  activesupport (4.2.5) lib/active_support/notifications.rb:164:in `instrument'
  actionpack (4.2.5) lib/action_controller/metal/instrumentation.rb:30:in `process_action'
  actionpack (4.2.5) lib/action_controller/metal/params_wrapper.rb:250:in `process_action'
  activerecord (4.2.5) lib/active_record/railties/controller_runtime.rb:18:in `process_action'
  actionpack (4.2.5) lib/abstract_controller/base.rb:137:in `process'
  actionview (4.2.5) lib/action_view/rendering.rb:30:in `process'
  actionpack (4.2.5) lib/action_controller/metal.rb:196:in `dispatch'
  actionpack (4.2.5) lib/action_controller/metal/rack_delegation.rb:13:in `dispatch'
  actionpack (4.2.5) lib/action_controller/metal.rb:237:in `block in action'
  actionpack (4.2.5) lib/action_dispatch/routing/route_set.rb:76:in `dispatch'
  actionpack (4.2.5) lib/action_dispatch/routing/route_set.rb:45:in `serve'
  actionpack (4.2.5) lib/action_dispatch/routing/mapper.rb:49:in `serve'
  actionpack (4.2.5) lib/action_dispatch/journey/router.rb:43:in `block in serve'
  actionpack (4.2.5) lib/action_dispatch/journey/router.rb:30:in `serve'
  actionpack (4.2.5) lib/action_dispatch/routing/route_set.rb:817:in `call'
  warden (1.2.3) lib/warden/manager.rb:35:in `block in call'
  warden (1.2.3) lib/warden/manager.rb:34:in `call'
  rack (1.6.4) lib/rack/etag.rb:24:in `call'
  rack (1.6.4) lib/rack/conditionalget.rb:38:in `call'
  rack (1.6.4) lib/rack/head.rb:13:in `call'
  actionpack (4.2.5) lib/action_dispatch/middleware/params_parser.rb:27:in `call'
  actionpack (4.2.5) lib/action_dispatch/middleware/flash.rb:260:in `call'
  rack (1.6.4) lib/rack/session/abstract/id.rb:225:in `context'
  rack (1.6.4) lib/rack/session/abstract/id.rb:220:in `call'
  actionpack (4.2.5) lib/action_dispatch/middleware/cookies.rb:560:in `call'
  activerecord (4.2.5) lib/active_record/query_cache.rb:36:in `call'
  activerecord (4.2.5) lib/active_record/connection_adapters/abstract/connection_pool.rb:653:in `call'
  activerecord (4.2.5) lib/active_record/migration.rb:377:in `call'
  actionpack (4.2.5) lib/action_dispatch/middleware/callbacks.rb:29:in `block in call'
  activesupport (4.2.5) lib/active_support/callbacks.rb:88:in `__run_callbacks__'
  activesupport (4.2.5) lib/active_support/callbacks.rb:778:in `_run_call_callbacks'
  activesupport (4.2.5) lib/active_support/callbacks.rb:81:in `run_callbacks'
  actionpack (4.2.5) lib/action_dispatch/middleware/callbacks.rb:27:in `call'
  actionpack (4.2.5) lib/action_dispatch/middleware/reloader.rb:73:in `call'
  actionpack (4.2.5) lib/action_dispatch/middleware/remote_ip.rb:78:in `call'
  better_errors (2.1.1) lib/better_errors/middleware.rb:84:in `protected_app_call'
  better_errors (2.1.1) lib/better_errors/middleware.rb:79:in `better_errors_call'
  better_errors (2.1.1) lib/better_errors/middleware.rb:57:in `call'
  actionpack (4.2.5) lib/action_dispatch/middleware/debug_exceptions.rb:17:in `call'
  web-console (2.2.1) lib/web_console/middleware.rb:39:in `call'
  actionpack (4.2.5) lib/action_dispatch/middleware/show_exceptions.rb:30:in `call'
  railties (4.2.5) lib/rails/rack/logger.rb:38:in `call_app'
  railties (4.2.5) lib/rails/rack/logger.rb:20:in `block in call'
  activesupport (4.2.5) lib/active_support/tagged_logging.rb:68:in `block in tagged'
  activesupport (4.2.5) lib/active_support/tagged_logging.rb:26:in `tagged'
  activesupport (4.2.5) lib/active_support/tagged_logging.rb:68:in `tagged'
  railties (4.2.5) lib/rails/rack/logger.rb:20:in `call'
  quiet_assets (1.1.0) lib/quiet_assets.rb:27:in `call_with_quiet_assets'
  actionpack (4.2.5) lib/action_dispatch/middleware/request_id.rb:21:in `call'
  rack (1.6.4) lib/rack/methodoverride.rb:22:in `call'
  rack (1.6.4) lib/rack/runtime.rb:18:in `call'
  activesupport (4.2.5) lib/active_support/cache/strategy/local_cache_middleware.rb:28:in `call'
  rack (1.6.4) lib/rack/lock.rb:17:in `call'
  actionpack (4.2.5) lib/action_dispatch/middleware/static.rb:116:in `call'
  rack (1.6.4) lib/rack/sendfile.rb:113:in `call'
  railties (4.2.5) lib/rails/engine.rb:518:in `call'
  railties (4.2.5) lib/rails/application.rb:165:in `call'
  rack (1.6.4) lib/rack/lock.rb:17:in `call'
  rack (1.6.4) lib/rack/content_length.rb:15:in `call'
  rack (1.6.4) lib/rack/handler/webrick.rb:88:in `service'
   () home/ror/.rvm/rubies/ruby-2.2.3/lib/ruby/2.2.0/webrick/httpserver.rb:138:in `service'
   () home/ror/.rvm/rubies/ruby-2.2.3/lib/ruby/2.2.0/webrick/httpserver.rb:94:in `run'
   () home/ror/.rvm/rubies/ruby-2.2.3/lib/ruby/2.2.0/webrick/server.rb:294:in `block in start_thread'



Started POST "/__better_errors/7572cb34647b6451/variables" for 127.0.0.1 at 2016-08-17 15:04:23 +0300


Started GET "/" for 127.0.0.1 at 2016-08-17 15:23:03 +0300
Processing by VisitorsController#index as HTML
  [1m[35m (21.4ms)[0m  SELECT COUNT(*) FROM "users"
  Rendered visitors/index.html.erb within layouts/application (23.6ms)
  Rendered layouts/_navigation_links.html.erb (0.6ms)
  Rendered layouts/_nav_links_for_auth.html.erb (5.0ms)
  Rendered layouts/_navigation.html.erb (24.0ms)
  Rendered layouts/_messages.html.erb (0.8ms)
Completed 200 OK in 916ms (Views: 848.8ms | ActiveRecord: 21.4ms)


Started GET "/users/sign_up" for 127.0.0.1 at 2016-08-17 15:23:22 +0300
Processing by Devise::RegistrationsController#new as HTML
  Rendered devise/registrations/new.html.erb within layouts/application (36.7ms)
  Rendered layouts/_navigation_links.html.erb (0.2ms)
  Rendered layouts/_nav_links_for_auth.html.erb (0.5ms)
  Rendered layouts/_navigation.html.erb (16.6ms)
  Rendered layouts/_messages.html.erb (0.2ms)
Completed 200 OK in 1064ms (Views: 1062.0ms | ActiveRecord: 0.0ms)


Started GET "/users/sign_in" for 127.0.0.1 at 2016-08-17 15:23:39 +0300
Processing by Devise::SessionsController#new as HTML
  Rendered devise/sessions/new.html.erb within layouts/application (28.4ms)
  Rendered layouts/_navigation_links.html.erb (0.2ms)
  Rendered layouts/_nav_links_for_auth.html.erb (0.5ms)
  Rendered layouts/_navigation.html.erb (13.8ms)
  Rendered layouts/_messages.html.erb (0.1ms)
Completed 200 OK in 852ms (Views: 847.2ms | ActiveRecord: 0.0ms)


Started POST "/users/sign_in" for 127.0.0.1 at 2016-08-17 15:23:59 +0300
Processing by Devise::SessionsController#create as HTML
  Parameters: {"utf8"=>"✓", "authenticity_token"=>"+8l4ZfsoOCfi3wQZ2S9Z4iIK7EKUsgzTrb5XF83o+gh087bDpZSRnv4bhUOMol1uxKJTrwaZ17wqDgMl2KIP2g==", "user"=>{"email"=>"sserp13@mail.ru", "password"=>"[FILTERED]", "remember_me"=>"0"}, "commit"=>"Sign in"}
  [1m[36mUser Load (1.1ms)[0m  [1mSELECT  "users".* FROM "users" WHERE "users"."email" = ?  ORDER BY "users"."id" ASC LIMIT 1[0m  [["email", "sserp13@mail.ru"]]
  [1m[35m (9.3ms)[0m  begin transaction
  [1m[36mSQL (10.1ms)[0m  [1mUPDATE "users" SET "current_sign_in_at" = ?, "sign_in_count" = ?, "updated_at" = ? WHERE "users"."id" = ?[0m  [["current_sign_in_at", "2016-08-17 12:24:00.209288"], ["sign_in_count", 2], ["updated_at", "2016-08-17 12:24:00.221977"], ["id", 1]]
  [1m[35m (16.9ms)[0m  commit transaction
Redirected to http://localhost:3000/
Completed 302 Found in 376ms (ActiveRecord: 37.4ms)


Started GET "/" for 127.0.0.1 at 2016-08-17 15:24:01 +0300
Processing by VisitorsController#index as HTML
  [1m[36m (1.3ms)[0m  [1mSELECT COUNT(*) FROM "users"[0m
  Rendered visitors/index.html.erb within layouts/application (12.5ms)
  Rendered layouts/_navigation_links.html.erb (9.0ms)
  [1m[35mUser Load (1.1ms)[0m  SELECT  "users".* FROM "users" WHERE "users"."id" = ?  ORDER BY "users"."id" ASC LIMIT 1  [["id", 1]]
  Rendered layouts/_nav_links_for_auth.html.erb (9.7ms)
  Rendered layouts/_navigation.html.erb (26.1ms)
  Rendered layouts/_messages.html.erb (0.2ms)
Completed 200 OK in 802ms (Views: 799.3ms | ActiveRecord: 2.4ms)


Started GET "/users/edit" for 127.0.0.1 at 2016-08-17 15:24:16 +0300
Processing by Devise::RegistrationsController#edit as HTML
  [1m[36mUser Load (0.7ms)[0m  [1mSELECT  "users".* FROM "users" WHERE "users"."id" = ?  ORDER BY "users"."id" ASC LIMIT 1[0m  [["id", 1]]
  Rendered devise/registrations/edit.html.erb within layouts/application (41.8ms)
  Rendered layouts/_navigation_links.html.erb (0.3ms)
  Rendered layouts/_nav_links_for_auth.html.erb (0.5ms)
  Rendered layouts/_navigation.html.erb (26.6ms)
  Rendered layouts/_messages.html.erb (0.2ms)
Completed 200 OK in 1001ms (Views: 994.8ms | ActiveRecord: 0.7ms)
  [1m[36mActiveRecord::SchemaMigration Load (0.3ms)[0m  [1mSELECT "schema_migrations".* FROM "schema_migrations"[0m
  [1m[35mUser Load (0.5ms)[0m  SELECT  "users".* FROM "users" WHERE "users"."email" = ? LIMIT 1  [["email", "sserp73@mail.ru"]]
  [1m[36m (0.1ms)[0m  [1mbegin transaction[0m
  [1m[35mUser Exists (0.4ms)[0m  SELECT  1 AS one FROM "users" WHERE "users"."email" = 'sserp73@mail.ru' LIMIT 1
  [1m[36mSQL (1.8ms)[0m  [1mINSERT INTO "users" ("email", "encrypted_password", "created_at", "updated_at") VALUES (?, ?, ?, ?)[0m  [["email", "sserp73@mail.ru"], ["encrypted_password", "$2a$10$xoWCjaVWhQKpGKXxcGuhEe5M1g5mryyVtMttcWcw0y6It/crmfMXW"], ["created_at", "2016-08-17 12:26:39.984300"], ["updated_at", "2016-08-17 12:26:39.984300"]]
  [1m[35m (35.6ms)[0m  commit transaction


Started DELETE "/users/sign_out" for 127.0.0.1 at 2016-08-17 15:27:46 +0300
  [1m[36mActiveRecord::SchemaMigration Load (7.0ms)[0m  [1mSELECT "schema_migrations".* FROM "schema_migrations"[0m
Processing by Devise::SessionsController#destroy as HTML
  Parameters: {"authenticity_token"=>"nJ8TMowOaJW9zcjkWM2oL6LDZcTfdDjiSjTVl2H94OZlR2Pzp/fu0YeaHRr+bBUaF6dSoyGbpdRnwpKoeDtraQ=="}
  [1m[35mUser Load (0.6ms)[0m  SELECT  "users".* FROM "users" WHERE "users"."id" = ?  ORDER BY "users"."id" ASC LIMIT 1  [["id", 1]]
  [1m[36m (0.2ms)[0m  [1mbegin transaction[0m
  [1m[35m (0.1ms)[0m  commit transaction
Redirected to http://localhost:3000/
Completed 302 Found in 1756ms (ActiveRecord: 16.7ms)


Started GET "/" for 127.0.0.1 at 2016-08-17 15:27:48 +0300
Processing by VisitorsController#index as HTML
  [1m[36m (0.6ms)[0m  [1mSELECT COUNT(*) FROM "users"[0m
  Rendered visitors/index.html.erb within layouts/application (24.5ms)
  Rendered layouts/_navigation_links.html.erb (1.2ms)
  Rendered layouts/_nav_links_for_auth.html.erb (26.0ms)
  Rendered layouts/_navigation.html.erb (62.8ms)
  Rendered layouts/_messages.html.erb (1.2ms)
Completed 200 OK in 2631ms (Views: 2629.1ms | ActiveRecord: 0.6ms)


Started GET "/users/sign_in" for 127.0.0.1 at 2016-08-17 15:28:01 +0300
Processing by Devise::SessionsController#new as HTML
  Rendered devise/sessions/new.html.erb within layouts/application (257.3ms)
  Rendered layouts/_navigation_links.html.erb (0.2ms)
  Rendered layouts/_nav_links_for_auth.html.erb (0.9ms)
  Rendered layouts/_navigation.html.erb (9.8ms)
  Rendered layouts/_messages.html.erb (0.1ms)
Completed 200 OK in 1100ms (Views: 1098.1ms | ActiveRecord: 0.0ms)


Started POST "/users/sign_in" for 127.0.0.1 at 2016-08-17 15:28:23 +0300
Processing by Devise::SessionsController#create as HTML
  Parameters: {"utf8"=>"✓", "authenticity_token"=>"gh3EBLwX3Osno19P+/EKvoqf7ytUHkN2ZsSAnYqr9nFvcb1z/o/U6oPLipvxYElfd2O8Ay4l0jrDiInL0eCgcg==", "user"=>{"email"=>"sserp73@mail.ru", "password"=>"[FILTERED]", "remember_me"=>"0"}, "commit"=>"Sign in"}
  [1m[35mUser Load (1.7ms)[0m  SELECT  "users".* FROM "users" WHERE "users"."email" = ?  ORDER BY "users"."id" ASC LIMIT 1  [["email", "sserp73@mail.ru"]]
  [1m[36m (0.3ms)[0m  [1mbegin transaction[0m
  [1m[35mSQL (14.9ms)[0m  UPDATE "users" SET "last_sign_in_at" = ?, "current_sign_in_at" = ?, "last_sign_in_ip" = ?, "current_sign_in_ip" = ?, "sign_in_count" = ?, "updated_at" = ? WHERE "users"."id" = ?  [["last_sign_in_at", "2016-08-17 12:28:24.314053"], ["current_sign_in_at", "2016-08-17 12:28:24.314053"], ["last_sign_in_ip", "127.0.0.1"], ["current_sign_in_ip", "127.0.0.1"], ["sign_in_count", 1], ["updated_at", "2016-08-17 12:28:24.327519"], ["id", 2]]
  [1m[36m (29.2ms)[0m  [1mcommit transaction[0m
Redirected to http://localhost:3000/
Completed 302 Found in 600ms (ActiveRecord: 46.2ms)


Started GET "/" for 127.0.0.1 at 2016-08-17 15:28:26 +0300
Processing by VisitorsController#index as HTML
  [1m[35m (0.5ms)[0m  SELECT COUNT(*) FROM "users"
  Rendered visitors/index.html.erb within layouts/application (7.7ms)
  Rendered layouts/_navigation_links.html.erb (9.5ms)
  [1m[36mUser Load (0.5ms)[0m  [1mSELECT  "users".* FROM "users" WHERE "users"."id" = ?  ORDER BY "users"."id" ASC LIMIT 1[0m  [["id", 2]]
  Rendered layouts/_nav_links_for_auth.html.erb (16.4ms)
  Rendered layouts/_navigation.html.erb (37.1ms)
  Rendered layouts/_messages.html.erb (0.2ms)
Completed 200 OK in 743ms (Views: 740.0ms | ActiveRecord: 1.0ms)


Started GET "/users" for 127.0.0.1 at 2016-08-17 15:29:19 +0300
Processing by UsersController#index as HTML
  [1m[35mUser Load (0.6ms)[0m  SELECT  "users".* FROM "users" WHERE "users"."id" = ?  ORDER BY "users"."id" ASC LIMIT 1  [["id", 2]]
  [1m[36mUser Load (6.5ms)[0m  [1mSELECT "users".* FROM "users"[0m
  Rendered users/_user.html.erb (1.5ms)
  Rendered users/_user.html.erb (0.2ms)
  Rendered users/index.html.erb within layouts/application (38.1ms)
  Rendered layouts/_navigation_links.html.erb (1.1ms)
  Rendered layouts/_nav_links_for_auth.html.erb (1.3ms)
  Rendered layouts/_navigation.html.erb (32.9ms)
  Rendered layouts/_messages.html.erb (0.8ms)
Completed 200 OK in 1078ms (Views: 1062.5ms | ActiveRecord: 7.1ms)


Started GET "/users/2" for 127.0.0.1 at 2016-08-17 15:34:34 +0300
Processing by UsersController#show as HTML
  Parameters: {"id"=>"2"}
  [1m[35mUser Load (1.2ms)[0m  SELECT  "users".* FROM "users" WHERE "users"."id" = ?  ORDER BY "users"."id" ASC LIMIT 1  [["id", 2]]
  [1m[36mUser Load (2.3ms)[0m  [1mSELECT  "users".* FROM "users" WHERE "users"."id" = ? LIMIT 1[0m  [["id", 2]]
  Rendered users/show.html.erb within layouts/application (0.6ms)
  Rendered layouts/_navigation_links.html.erb (0.6ms)
  Rendered layouts/_nav_links_for_auth.html.erb (0.3ms)
  Rendered layouts/_navigation.html.erb (22.3ms)
  Rendered layouts/_messages.html.erb (0.1ms)
Completed 200 OK in 1021ms (Views: 985.4ms | ActiveRecord: 3.4ms)


Started GET "/users/1" for 127.0.0.1 at 2016-08-17 15:34:41 +0300
Processing by UsersController#show as HTML
  Parameters: {"id"=>"1"}
  [1m[35mUser Load (0.5ms)[0m  SELECT  "users".* FROM "users" WHERE "users"."id" = ?  ORDER BY "users"."id" ASC LIMIT 1  [["id", 2]]
  [1m[36mUser Load (0.3ms)[0m  [1mSELECT  "users".* FROM "users" WHERE "users"."id" = ? LIMIT 1[0m  [["id", 1]]
Redirected to http://localhost:3000/users
Completed 302 Found in 19ms (ActiveRecord: 0.8ms)


Started GET "/users" for 127.0.0.1 at 2016-08-17 15:34:42 +0300
Processing by UsersController#index as HTML
  [1m[35mUser Load (0.5ms)[0m  SELECT  "users".* FROM "users" WHERE "users"."id" = ?  ORDER BY "users"."id" ASC LIMIT 1  [["id", 2]]
  [1m[36mUser Load (8.6ms)[0m  [1mSELECT "users".* FROM "users"[0m
  Rendered users/_user.html.erb (0.6ms)
  Rendered users/_user.html.erb (0.2ms)
  Rendered users/index.html.erb within layouts/application (29.7ms)
  Rendered layouts/_navigation_links.html.erb (0.2ms)
  Rendered layouts/_nav_links_for_auth.html.erb (3.0ms)
  Rendered layouts/_navigation.html.erb (20.4ms)
  Rendered layouts/_messages.html.erb (0.1ms)
Completed 200 OK in 921ms (Views: 909.2ms | ActiveRecord: 9.1ms)


Started GET "/users/edit" for 127.0.0.1 at 2016-08-17 15:34:51 +0300
Processing by Devise::RegistrationsController#edit as HTML
  [1m[35mUser Load (0.4ms)[0m  SELECT  "users".* FROM "users" WHERE "users"."id" = ?  ORDER BY "users"."id" ASC LIMIT 1  [["id", 2]]
  Rendered devise/registrations/edit.html.erb within layouts/application (51.9ms)
  Rendered layouts/_navigation_links.html.erb (0.2ms)
  Rendered layouts/_nav_links_for_auth.html.erb (0.3ms)
  Rendered layouts/_navigation.html.erb (15.1ms)
  Rendered layouts/_messages.html.erb (0.2ms)
Completed 200 OK in 994ms (Views: 986.2ms | ActiveRecord: 0.4ms)
  [1m[36mActiveRecord::SchemaMigration Load (13.2ms)[0m  [1mSELECT "schema_migrations".* FROM "schema_migrations"[0m
  [1m[35mActiveRecord::SchemaMigration Load (0.3ms)[0m  SELECT "schema_migrations".* FROM "schema_migrations"
Migrating to AddNameToUsers (20140224203311)
  [1m[36m (0.1ms)[0m  [1mbegin transaction[0m
  [1m[35m (32.4ms)[0m  CREATE TEMPORARY TABLE "ausers" ("id" INTEGER PRIMARY KEY AUTOINCREMENT NOT NULL, "email" varchar DEFAULT '' NOT NULL, "encrypted_password" varchar DEFAULT '' NOT NULL, "reset_password_token" varchar, "reset_password_sent_at" datetime, "remember_created_at" datetime, "sign_in_count" integer DEFAULT 0 NOT NULL, "current_sign_in_at" datetime, "last_sign_in_at" datetime, "current_sign_in_ip" varchar, "last_sign_in_ip" varchar, "created_at" datetime, "updated_at" datetime, "name" varchar) 
  [1m[36m (0.1ms)[0m  [1m            SELECT sql
            FROM sqlite_master
            WHERE name='index_users_on_reset_password_token' AND type='index'
            UNION ALL
            SELECT sql
            FROM sqlite_temp_master
            WHERE name='index_users_on_reset_password_token' AND type='index'
[0m
  [1m[35m (0.1ms)[0m              SELECT sql
            FROM sqlite_master
            WHERE name='index_users_on_email' AND type='index'
            UNION ALL
            SELECT sql
            FROM sqlite_temp_master
            WHERE name='index_users_on_email' AND type='index'

  [1m[36m (1.3ms)[0m  [1mselect sqlite_version(*)[0m
  [1m[35m (10.1ms)[0m  CREATE UNIQUE INDEX "tindex_ausers_on_reset_password_token" ON "ausers" ("reset_password_token")
  [1m[36m (0.3ms)[0m  [1mCREATE UNIQUE INDEX "tindex_ausers_on_email" ON "ausers" ("email")[0m
  [1m[35m (0.4ms)[0m  SELECT * FROM "users"
  [1m[36m (0.3ms)[0m  [1mINSERT INTO "ausers" ("id","email","encrypted_password","reset_password_token","reset_password_sent_at","remember_created_at","sign_in_count","current_sign_in_at","last_sign_in_at","current_sign_in_ip","last_sign_in_ip","created_at","updated_at","name") VALUES (1, 'sserp13@mail.ru', '$2a$10$cFd4f8iz5.sqg0tpCwf66.ziDDwi5Ui9b5zal7NZjkUdqw4gig.EO', 'af587b69ddf0a6d4c1e1f39e181c0dafd926006867e0449ba66c8b7178ef1ad0', '2016-08-17 12:04:19.331981', NULL, 2, '2016-08-17 12:24:00.209288', '2016-08-17 10:49:16.049629', '127.0.0.1', '127.0.0.1', '2016-08-17 10:49:15.908331', '2016-08-17 12:24:00.221977', 'Mihail')[0m
  [1m[35m (0.1ms)[0m  INSERT INTO "ausers" ("id","email","encrypted_password","reset_password_token","reset_password_sent_at","remember_created_at","sign_in_count","current_sign_in_at","last_sign_in_at","current_sign_in_ip","last_sign_in_ip","created_at","updated_at","name") VALUES (2, 'sserp73@mail.ru', '$2a$10$xoWCjaVWhQKpGKXxcGuhEe5M1g5mryyVtMttcWcw0y6It/crmfMXW', NULL, NULL, NULL, 1, '2016-08-17 12:28:24.314053', '2016-08-17 12:28:24.314053', '127.0.0.1', '127.0.0.1', '2016-08-17 12:26:39.984300', '2016-08-17 12:28:24.327519', NULL)
  [1m[36m (14.7ms)[0m  [1mDROP TABLE "users"[0m
  [1m[35m (0.3ms)[0m  CREATE TABLE "users" ("id" INTEGER PRIMARY KEY AUTOINCREMENT NOT NULL, "email" varchar DEFAULT '' NOT NULL, "encrypted_password" varchar DEFAULT '' NOT NULL, "reset_password_token" varchar, "reset_password_sent_at" datetime, "remember_created_at" datetime, "sign_in_count" integer DEFAULT 0 NOT NULL, "current_sign_in_at" datetime, "last_sign_in_at" datetime, "current_sign_in_ip" varchar, "last_sign_in_ip" varchar, "created_at" datetime, "updated_at" datetime) 
  [1m[36m (0.1ms)[0m  [1m            SELECT sql
            FROM sqlite_master
            WHERE name='tindex_ausers_on_email' AND type='index'
            UNION ALL
            SELECT sql
            FROM sqlite_temp_master
            WHERE name='tindex_ausers_on_email' AND type='index'
[0m
  [1m[35m (0.1ms)[0m              SELECT sql
            FROM sqlite_master
            WHERE name='tindex_ausers_on_reset_password_token' AND type='index'
            UNION ALL
            SELECT sql
            FROM sqlite_temp_master
            WHERE name='tindex_ausers_on_reset_password_token' AND type='index'

  [1m[36m (6.8ms)[0m  [1mCREATE UNIQUE INDEX "index_users_on_email" ON "users" ("email")[0m
  [1m[35m (0.1ms)[0m              SELECT sql
            FROM sqlite_master
            WHERE name='index_users_on_email' AND type='index'
            UNION ALL
            SELECT sql
            FROM sqlite_temp_master
            WHERE name='index_users_on_email' AND type='index'

  [1m[36m (4.8ms)[0m  [1mCREATE UNIQUE INDEX "index_users_on_reset_password_token" ON "users" ("reset_password_token")[0m
  [1m[35m (0.1ms)[0m  SELECT * FROM "ausers"
  [1m[36m (0.1ms)[0m  [1mINSERT INTO "users" ("id","email","encrypted_password","reset_password_token","reset_password_sent_at","remember_created_at","sign_in_count","current_sign_in_at","last_sign_in_at","current_sign_in_ip","last_sign_in_ip","created_at","updated_at") VALUES (1, 'sserp13@mail.ru', '$2a$10$cFd4f8iz5.sqg0tpCwf66.ziDDwi5Ui9b5zal7NZjkUdqw4gig.EO', 'af587b69ddf0a6d4c1e1f39e181c0dafd926006867e0449ba66c8b7178ef1ad0', '2016-08-17 12:04:19.331981', NULL, 2, '2016-08-17 12:24:00.209288', '2016-08-17 10:49:16.049629', '127.0.0.1', '127.0.0.1', '2016-08-17 10:49:15.908331', '2016-08-17 12:24:00.221977')[0m
  [1m[35m (0.2ms)[0m  INSERT INTO "users" ("id","email","encrypted_password","reset_password_token","reset_password_sent_at","remember_created_at","sign_in_count","current_sign_in_at","last_sign_in_at","current_sign_in_ip","last_sign_in_ip","created_at","updated_at") VALUES (2, 'sserp73@mail.ru', '$2a$10$xoWCjaVWhQKpGKXxcGuhEe5M1g5mryyVtMttcWcw0y6It/crmfMXW', NULL, NULL, NULL, 1, '2016-08-17 12:28:24.314053', '2016-08-17 12:28:24.314053', '127.0.0.1', '127.0.0.1', '2016-08-17 12:26:39.984300', '2016-08-17 12:28:24.327519')
  [1m[36m (0.7ms)[0m  [1mDROP TABLE "ausers"[0m
  [1m[35mSQL (5.7ms)[0m  DELETE FROM "schema_migrations" WHERE "schema_migrations"."version" = ?  [["version", "20140224203311"]]
  [1m[36m (934.3ms)[0m  [1mcommit transaction[0m
  [1m[35mActiveRecord::SchemaMigration Load (0.3ms)[0m  SELECT "schema_migrations".* FROM "schema_migrations"
  [1m[36m (0.3ms)[0m  [1m            SELECT sql
            FROM sqlite_master
            WHERE name='index_users_on_reset_password_token' AND type='index'
            UNION ALL
            SELECT sql
            FROM sqlite_temp_master
            WHERE name='index_users_on_reset_password_token' AND type='index'
[0m
  [1m[35m (2.4ms)[0m              SELECT sql
            FROM sqlite_master
            WHERE name='index_users_on_email' AND type='index'
            UNION ALL
            SELECT sql
            FROM sqlite_temp_master
            WHERE name='index_users_on_email' AND type='index'

  [1m[36mActiveRecord::SchemaMigration Load (1.4ms)[0m  [1mSELECT "schema_migrations".* FROM "schema_migrations"[0m
  [1m[35mActiveRecord::SchemaMigration Load (0.5ms)[0m  SELECT "schema_migrations".* FROM "schema_migrations"
Migrating to DeviseCreateUsers (20140224203310)
  [1m[36m (0.1ms)[0m  [1mbegin transaction[0m
  [1m[35m (0.3ms)[0m              SELECT sql
            FROM sqlite_master
            WHERE name='index_users_on_reset_password_token' AND type='index'
            UNION ALL
            SELECT sql
            FROM sqlite_temp_master
            WHERE name='index_users_on_reset_password_token' AND type='index'

  [1m[36m (0.1ms)[0m  [1m            SELECT sql
            FROM sqlite_master
            WHERE name='index_users_on_email' AND type='index'
            UNION ALL
            SELECT sql
            FROM sqlite_temp_master
            WHERE name='index_users_on_email' AND type='index'
[0m
  [1m[35m (21.6ms)[0m  DROP INDEX "index_users_on_reset_password_token"
  [1m[36m (0.2ms)[0m  [1m            SELECT sql
            FROM sqlite_master
            WHERE name='index_users_on_email' AND type='index'
            UNION ALL
            SELECT sql
            FROM sqlite_temp_master
            WHERE name='index_users_on_email' AND type='index'
[0m
  [1m[35m (1.1ms)[0m  DROP INDEX "index_users_on_email"
  [1m[36m (0.8ms)[0m  [1mDROP TABLE "users"[0m
  [1m[35mSQL (0.8ms)[0m  DELETE FROM "schema_migrations" WHERE "schema_migrations"."version" = ?  [["version", "20140224203310"]]
  [1m[36m (43.1ms)[0m  [1mcommit transaction[0m
  [1m[35mActiveRecord::SchemaMigration Load (0.3ms)[0m  SELECT "schema_migrations".* FROM "schema_migrations"
  [1m[36mActiveRecord::SchemaMigration Load (1.3ms)[0m  [1mSELECT "schema_migrations".* FROM "schema_migrations"[0m
  [1m[35mActiveRecord::SchemaMigration Load (0.3ms)[0m  SELECT "schema_migrations".* FROM "schema_migrations"
  [1m[36mActiveRecord::SchemaMigration Load (0.3ms)[0m  [1mSELECT "schema_migrations".* FROM "schema_migrations"[0m
  [1m[35mActiveRecord::SchemaMigration Load (2.7ms)[0m  SELECT "schema_migrations".* FROM "schema_migrations"
  [1m[36mActiveRecord::SchemaMigration Load (0.3ms)[0m  [1mSELECT "schema_migrations".* FROM "schema_migrations"[0m
Migrating to DeviseCreateUsers (20140224203310)
  [1m[35m (0.2ms)[0m  begin transaction
DEPRECATION WARNING: `#timestamps` was called without specifying an option for `null`. In Rails 5, this behavior will change to `null: false`. You should manually specify `null: true` to prevent the behavior of your existing migrations from changing. (called from block in change at /home/ror/devise/db/migrate/20140224203310_devise_create_users.rb:34)
  [1m[36m (6.5ms)[0m  [1mCREATE TABLE "users" ("id" INTEGER PRIMARY KEY AUTOINCREMENT NOT NULL, "email" varchar DEFAULT '' NOT NULL, "encrypted_password" varchar DEFAULT '' NOT NULL, "reset_password_token" varchar, "reset_password_sent_at" datetime, "remember_created_at" datetime, "sign_in_count" integer DEFAULT 0 NOT NULL, "current_sign_in_at" datetime, "last_sign_in_at" datetime, "current_sign_in_ip" varchar, "last_sign_in_ip" varchar, "confirmation_token" varchar, "confirmed_at" datetime, "confirmation_sent_at" datetime, "unconfirmed_email" varchar, "failed_attempts" integer DEFAULT 0 NOT NULL, "unlock_token" varchar, "locked_at" datetime, "created_at" datetime, "updated_at" datetime) [0m
  [1m[35m (0.1ms)[0m  select sqlite_version(*)
  [1m[36m (1.8ms)[0m  [1mCREATE UNIQUE INDEX "index_users_on_email" ON "users" ("email")[0m
  [1m[35m (0.1ms)[0m              SELECT sql
            FROM sqlite_master
            WHERE name='index_users_on_email' AND type='index'
            UNION ALL
            SELECT sql
            FROM sqlite_temp_master
            WHERE name='index_users_on_email' AND type='index'

  [1m[36m (0.7ms)[0m  [1mCREATE UNIQUE INDEX "index_users_on_reset_password_token" ON "users" ("reset_password_token")[0m
  [1m[35mSQL (6.7ms)[0m  INSERT INTO "schema_migrations" ("version") VALUES (?)  [["version", "20140224203310"]]
  [1m[36m (40.6ms)[0m  [1mcommit transaction[0m
Migrating to AddNameToUsers (20140224203311)
  [1m[35m (0.2ms)[0m  begin transaction
  [1m[36m (1.1ms)[0m  [1mALTER TABLE "users" ADD "name" varchar[0m
  [1m[35mSQL (0.5ms)[0m  INSERT INTO "schema_migrations" ("version") VALUES (?)  [["version", "20140224203311"]]
  [1m[36m (14.8ms)[0m  [1mcommit transaction[0m
  [1m[35mActiveRecord::SchemaMigration Load (0.4ms)[0m  SELECT "schema_migrations".* FROM "schema_migrations"
  [1m[36m (0.4ms)[0m  [1m            SELECT sql
            FROM sqlite_master
            WHERE name='index_users_on_reset_password_token' AND type='index'
            UNION ALL
            SELECT sql
            FROM sqlite_temp_master
            WHERE name='index_users_on_reset_password_token' AND type='index'
[0m
  [1m[35m (0.3ms)[0m              SELECT sql
            FROM sqlite_master
            WHERE name='index_users_on_email' AND type='index'
            UNION ALL
            SELECT sql
            FROM sqlite_temp_master
            WHERE name='index_users_on_email' AND type='index'



Started GET "/users/edit" for 127.0.0.1 at 2016-08-18 07:57:47 +0300
  [1m[36mActiveRecord::SchemaMigration Load (0.5ms)[0m  [1mSELECT "schema_migrations".* FROM "schema_migrations"[0m
Processing by Devise::RegistrationsController#edit as HTML
  [1m[35mUser Load (6.1ms)[0m  SELECT  "users".* FROM "users" WHERE "users"."id" = ?  ORDER BY "users"."id" ASC LIMIT 1  [["id", 2]]
Completed 401 Unauthorized in 211ms (ActiveRecord: 7.8ms)


Started GET "/users/sign_in" for 127.0.0.1 at 2016-08-18 07:57:50 +0300
Processing by Devise::SessionsController#new as HTML
  Rendered devise/sessions/new.html.erb within layouts/application (317.5ms)
  Rendered layouts/_navigation_links.html.erb (0.7ms)
  Rendered layouts/_nav_links_for_auth.html.erb (1.4ms)
  Rendered layouts/_navigation.html.erb (42.4ms)
  Rendered layouts/_messages.html.erb (23.2ms)
Completed 200 OK in 3433ms (Views: 3308.8ms | ActiveRecord: 0.0ms)


Started GET "/" for 127.0.0.1 at 2016-08-18 07:58:24 +0300
Processing by VisitorsController#index as HTML
  [1m[36m (0.8ms)[0m  [1mSELECT COUNT(*) FROM "users"[0m
  Rendered visitors/index.html.erb within layouts/application (25.9ms)
  Rendered layouts/_navigation_links.html.erb (0.8ms)
  Rendered layouts/_nav_links_for_auth.html.erb (4.4ms)
  Rendered layouts/_navigation.html.erb (22.8ms)
  Rendered layouts/_messages.html.erb (0.9ms)
Completed 200 OK in 873ms (Views: 865.3ms | ActiveRecord: 0.8ms)
  [1m[36mActiveRecord::SchemaMigration Load (0.3ms)[0m  [1mSELECT "schema_migrations".* FROM "schema_migrations"[0m
  [1m[35mUser Load (0.5ms)[0m  SELECT  "users".* FROM "users" WHERE "users"."email" = ? LIMIT 1  [["email", "sserp73@mail.ru"]]
  [1m[36m (0.2ms)[0m  [1mbegin transaction[0m
  [1m[35mUser Exists (0.4ms)[0m  SELECT  1 AS one FROM "users" WHERE "users"."email" = 'sserp73@mail.ru' LIMIT 1
  [1m[36mUser Load (0.7ms)[0m  [1mSELECT  "users".* FROM "users" WHERE "users"."confirmation_token" = ?  ORDER BY "users"."id" ASC LIMIT 1[0m  [["confirmation_token", "62903d4c2671afc394b58746cb0807b7e2bf7798294b9e6abe231363a3c74f78"]]
  [1m[35mSQL (2.4ms)[0m  INSERT INTO "users" ("email", "encrypted_password", "created_at", "updated_at", "confirmation_token", "confirmation_sent_at") VALUES (?, ?, ?, ?, ?, ?)  [["email", "sserp73@mail.ru"], ["encrypted_password", "$2a$10$.UdyPwaCPYg1hdDJnAkswuGTwWpBTIW2IVOq0TmwHVK7c7b5Fn2IG"], ["created_at", "2016-08-18 04:58:58.813505"], ["updated_at", "2016-08-18 04:58:58.813505"], ["confirmation_token", "x7czcjVTvQ4maLULqcSV"], ["confirmation_sent_at", "2016-08-18 04:58:59.102665"]]
  Rendered /home/ror/.rvm/gems/ruby-2.2.3/gems/devise-3.5.2/app/views/devise/mailer/confirmation_instructions.html.erb (19.0ms)

Devise::Mailer#confirmation_instructions: processed outbound mail in 1228.8ms

Sent mail to sserp73@mail.ru (743.9ms)
Date: Thu, 18 Aug 2016 07:59:00 +0300
From: no-reply@mail.ru
Reply-To: no-reply@mail.ru
To: sserp73@mail.ru
Message-ID: <57b540946a8db_6bd4546cd615471@ror-VirtualBox.mail>
Subject: Confirmation instructions
Mime-Version: 1.0
Content-Type: text/html;
 charset=UTF-8
Content-Transfer-Encoding: 7bit

<p>Welcome sserp73@mail.ru!</p>

<p>You can confirm your account email through the link below:</p>

<p><a href="http://localhost:3000/users/confirmation?confirmation_token=x7czcjVTvQ4maLULqcSV">Confirm my account</a></p>

  [1m[36m (15.5ms)[0m  [1mrollback transaction[0m
